Using pre-set license
Built from '2021.3/staging' branch; Version is '2021.3.4f1 (cb45f9cae8b7) revision 13321721'; Using compiler version '192829333'; Build Type 'Release'
OS: 'Windows 11  (10.0.22000) 64bit Professional' Language: 'en' Physical Memory: 32487 MB
BatchMode: 1, IsHumanControllingUs: 0, StartBugReporterOnCrash: 0, Is64bit: 1, IsPro: 1

COMMAND LINE ARGUMENTS:
C:\_VoodooProjects\2021.3.4f1\Editor\Unity.exe
-adb2
-batchMode
-noUpm
-name
AssetImportWorker0
-projectPath
C:/_Voodoo_projects/breeding-madness-v2/breeding-madness-v2
-logFile
Logs/AssetImportWorker0.log
-srvPort
59923
Successfully changed project path to: C:/_Voodoo_projects/breeding-madness-v2/breeding-madness-v2
C:/_Voodoo_projects/breeding-madness-v2/breeding-madness-v2
[UnityMemory] Configuration Parameters - Can be set up in boot.config
    "memorysetup-bucket-allocator-granularity=16"
    "memorysetup-bucket-allocator-bucket-count=8"
    "memorysetup-bucket-allocator-block-size=33554432"
    "memorysetup-bucket-allocator-block-count=8"
    "memorysetup-main-allocator-block-size=16777216"
    "memorysetup-thread-allocator-block-size=16777216"
    "memorysetup-gfx-main-allocator-block-size=16777216"
    "memorysetup-gfx-thread-allocator-block-size=16777216"
    "memorysetup-cache-allocator-block-size=4194304"
    "memorysetup-typetree-allocator-block-size=2097152"
    "memorysetup-profiler-bucket-allocator-granularity=16"
    "memorysetup-profiler-bucket-allocator-bucket-count=8"
    "memorysetup-profiler-bucket-allocator-block-size=33554432"
    "memorysetup-profiler-bucket-allocator-block-count=8"
    "memorysetup-profiler-allocator-block-size=16777216"
    "memorysetup-profiler-editor-allocator-block-size=1048576"
    "memorysetup-temp-allocator-size-main=16777216"
    "memorysetup-job-temp-allocator-block-size=2097152"
    "memorysetup-job-temp-allocator-block-size-background=1048576"
    "memorysetup-job-temp-allocator-reduction-small-platforms=262144"
    "memorysetup-temp-allocator-size-background-worker=32768"
    "memorysetup-temp-allocator-size-job-worker=262144"
    "memorysetup-temp-allocator-size-preload-manager=33554432"
    "memorysetup-temp-allocator-size-nav-mesh-worker=65536"
    "memorysetup-temp-allocator-size-audio-worker=65536"
    "memorysetup-temp-allocator-size-cloud-worker=32768"
    "memorysetup-temp-allocator-size-gi-baking-worker=262144"
    "memorysetup-temp-allocator-size-gfx=262144"
Refreshing native plugins compatible for Editor in 382.49 ms, found 3 plugins.
Preloading 0 native plugins for Editor in 0.00 ms.
Initialize engine version: 2021.3.4f1 (cb45f9cae8b7)
[Subsystems] Discovering subsystems at path C:/_VoodooProjects/2021.3.4f1/Editor/Data/Resources/UnitySubsystems
[Subsystems] Discovering subsystems at path C:/_Voodoo_projects/breeding-madness-v2/breeding-madness-v2/Assets
GfxDevice: creating device client; threaded=0; jobified=0
Direct3D:
    Version:  Direct3D 11.0 [level 11.1]
    Renderer: Intel(R) Iris(R) Xe Graphics (ID=0x9a49)
    Vendor:   Intel
    VRAM:     16243 MB
    Driver:   30.0.101.1692
Initialize mono
Mono path[0] = 'C:/_VoodooProjects/2021.3.4f1/Editor/Data/Managed'
Mono path[1] = 'C:/_VoodooProjects/2021.3.4f1/Editor/Data/MonoBleedingEdge/lib/mono/unityjit-win32'
Mono config path = 'C:/_VoodooProjects/2021.3.4f1/Editor/Data/MonoBleedingEdge/etc'
Using monoOptions --debugger-agent=transport=dt_socket,embedding=1,server=y,suspend=n,address=127.0.0.1:56232
Begin MonoManager ReloadAssembly
Registering precompiled unity dll's ...
Register platform support module: C:/_VoodooProjects/2021.3.4f1/Editor/Data/PlaybackEngines/AndroidPlayer/UnityEditor.Android.Extensions.dll
Register platform support module: C:/_VoodooProjects/2021.3.4f1/Editor/Data/PlaybackEngines/iOSSupport/UnityEditor.iOS.Extensions.dll
Register platform support module: C:/_VoodooProjects/2021.3.4f1/Editor/Data/PlaybackEngines/WindowsStandaloneSupport/UnityEditor.WindowsStandalone.Extensions.dll
Registered in 0.014738 seconds.
Native extension for WindowsStandalone target not found
[usbmuxd] Start listen thread
Native extension for iOS target not found
[usbmuxd] Listen thread started
Native extension for Android target not found
Refreshing native plugins compatible for Editor in 298.95 ms, found 3 plugins.
Preloading 0 native plugins for Editor in 0.00 ms.
Mono: successfully reloaded assembly
- Completed reload, in  1.974 seconds
Domain Reload Profiling:
	ReloadAssembly (1975ms)
		BeginReloadAssembly (158ms)
			ExecutionOrderSort (0ms)
			DisableScriptedObjects (0ms)
			BackupInstance (0ms)
			ReleaseScriptingObjects (0ms)
			CreateAndSetChildDomain (2ms)
		EndReloadAssembly (1480ms)
			LoadAssemblies (150ms)
			RebuildTransferFunctionScriptingTraits (0ms)
			SetupTypeCache (295ms)
			ReleaseScriptCaches (0ms)
			RebuildScriptCaches (134ms)
			SetupLoadedEditorAssemblies (933ms)
				LogAssemblyErrors (0ms)
				InitializePlatformSupportModulesInManaged (244ms)
				SetLoadedEditorAssemblies (0ms)
				RefreshPlugins (300ms)
				BeforeProcessingInitializeOnLoad (7ms)
				ProcessInitializeOnLoadAttributes (238ms)
				ProcessInitializeOnLoadMethodAttributes (144ms)
				AfterProcessingInitializeOnLoad (0ms)
				EditorAssembliesLoaded (0ms)
			ExecutionOrderSort2 (0ms)
			AwakeInstancesAfterBackupRestoration (0ms)
Platform modules already initialized, skipping
Registering precompiled user dll's ...
Registered in 0.016727 seconds.
Begin MonoManager ReloadAssembly
Symbol file LoadedFromMemory doesn't match image C:\_Voodoo_projects\breeding-madness-v2\breeding-madness-v2\Library\PackageCache\com.unity.visualscripting@1.7.8\Editor\VisualScripting.Core\Dependencies\YamlDotNet\Unity.VisualScripting.YamlDotNet.dll
Symbol file LoadedFromMemory doesn't match image C:\_Voodoo_projects\breeding-madness-v2\breeding-madness-v2\Library\PackageCache\com.unity.visualscripting@1.7.8\Editor\VisualScripting.Core\Dependencies\DotNetZip\Unity.VisualScripting.IonicZip.dll
Native extension for WindowsStandalone target not found
Native extension for iOS target not found
Native extension for Android target not found
Refreshing native plugins compatible for Editor in 1.09 ms, found 3 plugins.
Preloading 0 native plugins for Editor in 0.00 ms.
Mono: successfully reloaded assembly
- Completed reload, in  4.903 seconds
Domain Reload Profiling:
	ReloadAssembly (4905ms)
		BeginReloadAssembly (1805ms)
			ExecutionOrderSort (0ms)
			DisableScriptedObjects (12ms)
			BackupInstance (0ms)
			ReleaseScriptingObjects (0ms)
			CreateAndSetChildDomain (1552ms)
		EndReloadAssembly (2821ms)
			LoadAssemblies (166ms)
			RebuildTransferFunctionScriptingTraits (0ms)
			SetupTypeCache (919ms)
			ReleaseScriptCaches (1ms)
			RebuildScriptCaches (267ms)
			SetupLoadedEditorAssemblies (1323ms)
				LogAssemblyErrors (0ms)
				InitializePlatformSupportModulesInManaged (49ms)
				SetLoadedEditorAssemblies (1ms)
				RefreshPlugins (1ms)
				BeforeProcessingInitializeOnLoad (354ms)
				ProcessInitializeOnLoadAttributes (779ms)
				ProcessInitializeOnLoadMethodAttributes (124ms)
				AfterProcessingInitializeOnLoad (15ms)
				EditorAssembliesLoaded (1ms)
			ExecutionOrderSort2 (0ms)
			AwakeInstancesAfterBackupRestoration (30ms)
Platform modules already initialized, skipping
========================================================================
Worker process is ready to serve import requests
Switching build target platform(13) subTarget(0) extendedPlatform(0) -> platform(19) subTarget(0) extendedPlatform(0)
Launched and connected shader compiler UnityShaderCompiler.exe after 0.18 seconds
Refreshing native plugins compatible for Editor in 0.91 ms, found 3 plugins.
Preloading 0 native plugins for Editor in 0.00 ms.
Unloading 3368 Unused Serialized files (Serialized files now loaded: 0)
Unloading 27 unused Assets / (111.0 KB). Loaded Objects now: 3826.
Memory consumption went from 116.1 MB to 116.0 MB.
Total: 7.810400 ms (FindLiveObjects: 1.074400 ms CreateObjectMapping: 0.587000 ms MarkObjects: 5.961600 ms  DeleteObjects: 0.184900 ms)

AssetImportParameters requested are different than current active one (requested -> active):
  custom:video-decoder-ogg-theora: a1e56fd34408186e4bbccfd4996cb3dc -> 
  custom:container-muxer-webm: aa71ff27fc2769a1b78a27578f13a17b -> 
  custom:container-demuxer-webm: 4f35f7cbe854078d1ac9338744f61a02 -> 
  custom:video-encoder-webm-vp8: eb34c28f22e8b96e1ab97ce403110664 -> 
  custom:audio-encoder-webm-vorbis: bf7c407c2cedff20999df2af8eb42d56 -> 
  custom:framework-win-MediaFoundation: 216162199b28c13a410421893ffa2e32 -> 
  custom:container-demuxer-ogg: 62fdf1f143b41e24485cea50d1cbac27 -> 
  custom:video-decoder-webm-vp8: 9c59270c3fd7afecdb556c50c9e8de78 -> 
  custom:audio-decoder-ogg-vorbis: bf7c407c2cedff20999df2af8eb42d56 -> 
========================================================================
Received Prepare
Refreshing native plugins compatible for Editor in 9.37 ms, found 3 plugins.
Preloading 0 native plugins for Editor in 0.00 ms.
Unloading 20 Unused Serialized files (Serialized files now loaded: 0)
Unloading 20 unused Assets / (75.5 KB). Loaded Objects now: 3826.
Memory consumption went from 48.9 MB to 48.8 MB.
Total: 5.592600 ms (FindLiveObjects: 0.365800 ms CreateObjectMapping: 0.419100 ms MarkObjects: 4.684400 ms  DeleteObjects: 0.121700 ms)

AssetImportParameters requested are different than current active one (requested -> active):
  custom:video-decoder-ogg-theora: a1e56fd34408186e4bbccfd4996cb3dc -> 
  custom:container-muxer-webm: aa71ff27fc2769a1b78a27578f13a17b -> 
  custom:container-demuxer-webm: 4f35f7cbe854078d1ac9338744f61a02 -> 
  custom:video-encoder-webm-vp8: eb34c28f22e8b96e1ab97ce403110664 -> 
  custom:audio-encoder-webm-vorbis: bf7c407c2cedff20999df2af8eb42d56 -> 
  custom:framework-win-MediaFoundation: 216162199b28c13a410421893ffa2e32 -> 
  custom:container-demuxer-ogg: 62fdf1f143b41e24485cea50d1cbac27 -> 
  custom:video-decoder-webm-vp8: 9c59270c3fd7afecdb556c50c9e8de78 -> 
  custom:audio-decoder-ogg-vorbis: bf7c407c2cedff20999df2af8eb42d56 -> 
========================================================================
Received Prepare
Refreshing native plugins compatible for Editor in 10.15 ms, found 3 plugins.
Preloading 0 native plugins for Editor in 0.00 ms.
Unloading 20 Unused Serialized files (Serialized files now loaded: 0)
Unloading 20 unused Assets / (75.6 KB). Loaded Objects now: 3826.
Memory consumption went from 48.9 MB to 48.8 MB.
Total: 5.823100 ms (FindLiveObjects: 0.381500 ms CreateObjectMapping: 0.257600 ms MarkObjects: 5.057600 ms  DeleteObjects: 0.125000 ms)

AssetImportParameters requested are different than current active one (requested -> active):
  custom:video-decoder-ogg-theora: a1e56fd34408186e4bbccfd4996cb3dc -> 
  custom:container-muxer-webm: aa71ff27fc2769a1b78a27578f13a17b -> 
  custom:container-demuxer-webm: 4f35f7cbe854078d1ac9338744f61a02 -> 
  custom:video-encoder-webm-vp8: eb34c28f22e8b96e1ab97ce403110664 -> 
  custom:audio-encoder-webm-vorbis: bf7c407c2cedff20999df2af8eb42d56 -> 
  custom:framework-win-MediaFoundation: 216162199b28c13a410421893ffa2e32 -> 
  custom:container-demuxer-ogg: 62fdf1f143b41e24485cea50d1cbac27 -> 
  custom:video-decoder-webm-vp8: 9c59270c3fd7afecdb556c50c9e8de78 -> 
  custom:audio-decoder-ogg-vorbis: bf7c407c2cedff20999df2af8eb42d56 -> 
========================================================================
Received Import Request.
  Time since last request: 968203.802554 seconds.
  path: Assets/Scenes
  artifactKey: Guid(6ea315d0fd7389c41b19996891e99ae3) Importer(815301076,1909f56bfc062723c751e8b465ee728b)
Start importing Assets/Scenes using Guid(6ea315d0fd7389c41b19996891e99ae3) Importer(815301076,1909f56bfc062723c751e8b465ee728b)  -> (artifact id: 'b8193726cff86800c54781cdc6d54904') in 0.006818 seconds 
========================================================================
Received Prepare
Registering precompiled user dll's ...
Registered in 0.012049 seconds.
Begin MonoManager ReloadAssembly
Symbol file LoadedFromMemory doesn't match image C:\_Voodoo_projects\breeding-madness-v2\breeding-madness-v2\Library\PackageCache\com.unity.visualscripting@1.7.8\Editor\VisualScripting.Core\Dependencies\YamlDotNet\Unity.VisualScripting.YamlDotNet.dll
Symbol file LoadedFromMemory doesn't match image C:\_Voodoo_projects\breeding-madness-v2\breeding-madness-v2\Library\PackageCache\com.unity.visualscripting@1.7.8\Editor\VisualScripting.Core\Dependencies\DotNetZip\Unity.VisualScripting.IonicZip.dll
Native extension for WindowsStandalone target not found
Native extension for iOS target not found
Native extension for Android target not found
Refreshing native plugins compatible for Editor in 1.06 ms, found 3 plugins.
Preloading 0 native plugins for Editor in 0.00 ms.
Mono: successfully reloaded assembly
- Completed reload, in  2.190 seconds
Domain Reload Profiling:
	ReloadAssembly (2191ms)
		BeginReloadAssembly (334ms)
			ExecutionOrderSort (0ms)
			DisableScriptedObjects (18ms)
			BackupInstance (0ms)
			ReleaseScriptingObjects (0ms)
			CreateAndSetChildDomain (100ms)
		EndReloadAssembly (1555ms)
			LoadAssemblies (173ms)
			RebuildTransferFunctionScriptingTraits (0ms)
			SetupTypeCache (555ms)
			ReleaseScriptCaches (3ms)
			RebuildScriptCaches (79ms)
			SetupLoadedEditorAssemblies (637ms)
				LogAssemblyErrors (0ms)
				InitializePlatformSupportModulesInManaged (70ms)
				SetLoadedEditorAssemblies (1ms)
				RefreshPlugins (1ms)
				BeforeProcessingInitializeOnLoad (128ms)
				ProcessInitializeOnLoadAttributes (379ms)
				ProcessInitializeOnLoadMethodAttributes (46ms)
				AfterProcessingInitializeOnLoad (12ms)
				EditorAssembliesLoaded (0ms)
			ExecutionOrderSort2 (0ms)
			AwakeInstancesAfterBackupRestoration (29ms)
Platform modules already initialized, skipping
Refreshing native plugins compatible for Editor in 5.11 ms, found 3 plugins.
Preloading 0 native plugins for Editor in 0.00 ms.
Unloading 3363 Unused Serialized files (Serialized files now loaded: 0)
Unloading 20 unused Assets / (78.3 KB). Loaded Objects now: 3829.
Memory consumption went from 116.0 MB to 115.9 MB.
Total: 6.227900 ms (FindLiveObjects: 0.470200 ms CreateObjectMapping: 0.314200 ms MarkObjects: 5.266900 ms  DeleteObjects: 0.174200 ms)

AssetImportParameters requested are different than current active one (requested -> active):
  custom:video-decoder-ogg-theora: a1e56fd34408186e4bbccfd4996cb3dc -> 
  custom:container-muxer-webm: aa71ff27fc2769a1b78a27578f13a17b -> 
  custom:container-demuxer-webm: 4f35f7cbe854078d1ac9338744f61a02 -> 
  custom:video-encoder-webm-vp8: eb34c28f22e8b96e1ab97ce403110664 -> 
  custom:audio-encoder-webm-vorbis: bf7c407c2cedff20999df2af8eb42d56 -> 
  custom:framework-win-MediaFoundation: 216162199b28c13a410421893ffa2e32 -> 
  custom:container-demuxer-ogg: 62fdf1f143b41e24485cea50d1cbac27 -> 
  custom:video-decoder-webm-vp8: 9c59270c3fd7afecdb556c50c9e8de78 -> 
  custom:audio-decoder-ogg-vorbis: bf7c407c2cedff20999df2af8eb42d56 -> 
========================================================================
Received Import Request.
  Time since last request: 452.097270 seconds.
  path: Packages/com.unity.services.core/Editor/Core
  artifactKey: Guid(4002c4a9fbda3480eb95944a3d3a62de) Importer(815301076,1909f56bfc062723c751e8b465ee728b)
Start importing Packages/com.unity.services.core/Editor/Core using Guid(4002c4a9fbda3480eb95944a3d3a62de) Importer(815301076,1909f56bfc062723c751e8b465ee728b)  -> (artifact id: 'a144d2a54f06682286c1851ac4f77a1a') in 0.014869 seconds 
========================================================================
Received Import Request.
  Time since last request: 1.769165 seconds.
  path: Packages/com.unity.services.core/Editor/Core/BackendHelpers
  artifactKey: Guid(40f9aa331f3045d4973df46b8e2c124c) Importer(815301076,1909f56bfc062723c751e8b465ee728b)
Start importing Packages/com.unity.services.core/Editor/Core/BackendHelpers using Guid(40f9aa331f3045d4973df46b8e2c124c) Importer(815301076,1909f56bfc062723c751e8b465ee728b)  -> (artifact id: '37953795f3bfdde89184fe0669f74a84') in 0.003573 seconds 
========================================================================
Received Import Request.
  Time since last request: 0.321602 seconds.
  path: Packages/com.unity.services.core/Editor/Core/Configuration
  artifactKey: Guid(eaeca0dfe75f0f846903800285a5d0f4) Importer(815301076,1909f56bfc062723c751e8b465ee728b)
Start importing Packages/com.unity.services.core/Editor/Core/Configuration using Guid(eaeca0dfe75f0f846903800285a5d0f4) Importer(815301076,1909f56bfc062723c751e8b465ee728b)  -> (artifact id: 'b8287af750687e8ed417e423a596dc8d') in 0.006337 seconds 
========================================================================
Received Import Request.
  Time since last request: 0.241312 seconds.
  path: Packages/com.unity.services.core/Editor/Core/EditorGameService
  artifactKey: Guid(9ca68cb91190f469da4ed874ef657802) Importer(815301076,1909f56bfc062723c751e8b465ee728b)
Start importing Packages/com.unity.services.core/Editor/Core/EditorGameService using Guid(9ca68cb91190f469da4ed874ef657802) Importer(815301076,1909f56bfc062723c751e8b465ee728b)  -> (artifact id: '09f200db8513325d8e79ede3bd05b50c') in 0.004722 seconds 
========================================================================
Received Import Request.
  Time since last request: 0.256262 seconds.
  path: Packages/com.unity.services.core/Editor/Core/Networking
  artifactKey: Guid(61d38ecfef754e543bfc1d8db27e0e3d) Importer(815301076,1909f56bfc062723c751e8b465ee728b)
Start importing Packages/com.unity.services.core/Editor/Core/Networking using Guid(61d38ecfef754e543bfc1d8db27e0e3d) Importer(815301076,1909f56bfc062723c751e8b465ee728b)  -> (artifact id: '4373f90f121ed81d71dc1ff6c1b8f4ff') in 0.006075 seconds 
========================================================================
Received Import Request.
  Time since last request: 0.307940 seconds.
  path: Packages/com.unity.services.core/Editor/Core/ProjectBindRedirect
  artifactKey: Guid(bdacac376e304af3be80a07fec283518) Importer(815301076,1909f56bfc062723c751e8b465ee728b)
Start importing Packages/com.unity.services.core/Editor/Core/ProjectBindRedirect using Guid(bdacac376e304af3be80a07fec283518) Importer(815301076,1909f56bfc062723c751e8b465ee728b)  -> (artifact id: '0c78e794b96029f65d9d76acfaf97d2b') in 0.004022 seconds 
========================================================================
Received Import Request.
  Time since last request: 0.259769 seconds.
  path: Packages/com.unity.services.core/Editor/Core/ProjectStateManagement
  artifactKey: Guid(8bc3494ea9e548e099a2bb941ad9ddee) Importer(815301076,1909f56bfc062723c751e8b465ee728b)
Start importing Packages/com.unity.services.core/Editor/Core/ProjectStateManagement using Guid(8bc3494ea9e548e099a2bb941ad9ddee) Importer(815301076,1909f56bfc062723c751e8b465ee728b)  -> (artifact id: 'fe4cdbcdec9bda7177cba3d137803535') in 0.004593 seconds 
========================================================================
Received Import Request.
  Time since last request: 0.291836 seconds.
  path: Packages/com.unity.services.core/Editor/Core/Telemetry
  artifactKey: Guid(8248873d05b3a9445ad1b09f6a0d2284) Importer(815301076,1909f56bfc062723c751e8b465ee728b)
Start importing Packages/com.unity.services.core/Editor/Core/Telemetry using Guid(8248873d05b3a9445ad1b09f6a0d2284) Importer(815301076,1909f56bfc062723c751e8b465ee728b)  -> (artifact id: 'fa3ae797ace2b37f5ec2ef07bd35ff71') in 0.002926 seconds 
========================================================================
Received Import Request.
  Time since last request: 0.313606 seconds.
  path: Packages/com.unity.services.core/Editor/Core/UiHelpers
  artifactKey: Guid(751662d6c01144819a1d17e1333bb5a4) Importer(815301076,1909f56bfc062723c751e8b465ee728b)
Start importing Packages/com.unity.services.core/Editor/Core/UiHelpers using Guid(751662d6c01144819a1d17e1333bb5a4) Importer(815301076,1909f56bfc062723c751e8b465ee728b)  -> (artifact id: '8b16bf9879732e5b3d303ceeaa49f57f') in 0.003443 seconds 
========================================================================
Received Import Request.
  Time since last request: 0.257320 seconds.
  path: Packages/com.unity.services.core/Editor/Core/UserRoleManagement
  artifactKey: Guid(ad038c07cd5d462c9534935085daaf02) Importer(815301076,1909f56bfc062723c751e8b465ee728b)
Start importing Packages/com.unity.services.core/Editor/Core/UserRoleManagement using Guid(ad038c07cd5d462c9534935085daaf02) Importer(815301076,1909f56bfc062723c751e8b465ee728b)  -> (artifact id: 'e873774eba82eb8261e198d4f881b4f4') in 0.003889 seconds 
========================================================================
Received Import Request.
  Time since last request: 0.239226 seconds.
  path: Packages/com.unity.services.core/Editor/Core/Utils
  artifactKey: Guid(2834b4ceb01eed449ad34cbd5f6d13cb) Importer(815301076,1909f56bfc062723c751e8b465ee728b)
Start importing Packages/com.unity.services.core/Editor/Core/Utils using Guid(2834b4ceb01eed449ad34cbd5f6d13cb) Importer(815301076,1909f56bfc062723c751e8b465ee728b)  -> (artifact id: '1b35bbcb52ca3a1064c4953dbee2cf3c') in 0.004104 seconds 
========================================================================
Received Prepare
Registering precompiled user dll's ...
Registered in 0.014888 seconds.
Begin MonoManager ReloadAssembly
Symbol file LoadedFromMemory doesn't match image C:\_Voodoo_projects\breeding-madness-v2\breeding-madness-v2\Library\PackageCache\com.unity.visualscripting@1.7.8\Editor\VisualScripting.Core\Dependencies\YamlDotNet\Unity.VisualScripting.YamlDotNet.dll
Symbol file LoadedFromMemory doesn't match image C:\_Voodoo_projects\breeding-madness-v2\breeding-madness-v2\Library\PackageCache\com.unity.visualscripting@1.7.8\Editor\VisualScripting.Core\Dependencies\DotNetZip\Unity.VisualScripting.IonicZip.dll
Native extension for WindowsStandalone target not found
Native extension for iOS target not found
Native extension for Android target not found
Refreshing native plugins compatible for Editor in 1.09 ms, found 3 plugins.
Preloading 0 native plugins for Editor in 0.00 ms.
Mono: successfully reloaded assembly
- Completed reload, in  1.912 seconds
Domain Reload Profiling:
	ReloadAssembly (1913ms)
		BeginReloadAssembly (225ms)
			ExecutionOrderSort (0ms)
			DisableScriptedObjects (12ms)
			BackupInstance (0ms)
			ReleaseScriptingObjects (0ms)
			CreateAndSetChildDomain (61ms)
		EndReloadAssembly (1509ms)
			LoadAssemblies (137ms)
			RebuildTransferFunctionScriptingTraits (0ms)
			SetupTypeCache (441ms)
			ReleaseScriptCaches (2ms)
			RebuildScriptCaches (62ms)
			SetupLoadedEditorAssemblies (752ms)
				LogAssemblyErrors (0ms)
				InitializePlatformSupportModulesInManaged (58ms)
				SetLoadedEditorAssemblies (1ms)
				RefreshPlugins (2ms)
				BeforeProcessingInitializeOnLoad (175ms)
				ProcessInitializeOnLoadAttributes (453ms)
				ProcessInitializeOnLoadMethodAttributes (47ms)
				AfterProcessingInitializeOnLoad (16ms)
				EditorAssembliesLoaded (0ms)
			ExecutionOrderSort2 (0ms)
			AwakeInstancesAfterBackupRestoration (40ms)
Platform modules already initialized, skipping
Refreshing native plugins compatible for Editor in 3.89 ms, found 3 plugins.
Preloading 0 native plugins for Editor in 0.00 ms.
Unloading 3565 Unused Serialized files (Serialized files now loaded: 0)
Unloading 44 unused Assets / (3.3 MB). Loaded Objects now: 4011.
Memory consumption went from 129.6 MB to 126.3 MB.
Total: 8.063400 ms (FindLiveObjects: 0.400400 ms CreateObjectMapping: 0.264500 ms MarkObjects: 5.491900 ms  DeleteObjects: 1.904200 ms)

AssetImportParameters requested are different than current active one (requested -> active):
  custom:video-decoder-ogg-theora: a1e56fd34408186e4bbccfd4996cb3dc -> 
  custom:container-muxer-webm: aa71ff27fc2769a1b78a27578f13a17b -> 
  custom:container-demuxer-webm: 4f35f7cbe854078d1ac9338744f61a02 -> 
  custom:video-encoder-webm-vp8: eb34c28f22e8b96e1ab97ce403110664 -> 
  custom:audio-encoder-webm-vorbis: bf7c407c2cedff20999df2af8eb42d56 -> 
  custom:framework-win-MediaFoundation: 216162199b28c13a410421893ffa2e32 -> 
  custom:container-demuxer-ogg: 62fdf1f143b41e24485cea50d1cbac27 -> 
  custom:video-decoder-webm-vp8: 9c59270c3fd7afecdb556c50c9e8de78 -> 
  custom:audio-decoder-ogg-vorbis: bf7c407c2cedff20999df2af8eb42d56 -> 
========================================================================
Received Import Request.
  Time since last request: 175.650225 seconds.
  path: Assets/Scenes/loading.unity
  artifactKey: Guid(92a8314aa22a53d4ea3fb10577693b1e) Importer(815301076,1909f56bfc062723c751e8b465ee728b)
Start importing Assets/Scenes/loading.unity using Guid(92a8314aa22a53d4ea3fb10577693b1e) Importer(815301076,1909f56bfc062723c751e8b465ee728b)  -> (artifact id: '3d5c761b558d0b57d114bca92c6ce7db') in 0.009605 seconds 
========================================================================
Received Prepare
Registering precompiled user dll's ...
Registered in 0.008309 seconds.
Begin MonoManager ReloadAssembly
Symbol file LoadedFromMemory doesn't match image C:\_Voodoo_projects\breeding-madness-v2\breeding-madness-v2\Library\PackageCache\com.unity.visualscripting@1.7.8\Editor\VisualScripting.Core\Dependencies\YamlDotNet\Unity.VisualScripting.YamlDotNet.dll
Symbol file LoadedFromMemory doesn't match image C:\_Voodoo_projects\breeding-madness-v2\breeding-madness-v2\Library\PackageCache\com.unity.visualscripting@1.7.8\Editor\VisualScripting.Core\Dependencies\DotNetZip\Unity.VisualScripting.IonicZip.dll
Native extension for WindowsStandalone target not found
Native extension for iOS target not found
Native extension for Android target not found
Refreshing native plugins compatible for Editor in 1.07 ms, found 3 plugins.
Preloading 0 native plugins for Editor in 0.00 ms.
Mono: successfully reloaded assembly
- Completed reload, in  1.527 seconds
Domain Reload Profiling:
	ReloadAssembly (1528ms)
		BeginReloadAssembly (155ms)
			ExecutionOrderSort (0ms)
			DisableScriptedObjects (5ms)
			BackupInstance (0ms)
			ReleaseScriptingObjects (0ms)
			CreateAndSetChildDomain (41ms)
		EndReloadAssembly (1254ms)
			LoadAssemblies (115ms)
			RebuildTransferFunctionScriptingTraits (0ms)
			SetupTypeCache (355ms)
			ReleaseScriptCaches (2ms)
			RebuildScriptCaches (87ms)
			SetupLoadedEditorAssemblies (591ms)
				LogAssemblyErrors (0ms)
				InitializePlatformSupportModulesInManaged (56ms)
				SetLoadedEditorAssemblies (1ms)
				RefreshPlugins (2ms)
				BeforeProcessingInitializeOnLoad (119ms)
				ProcessInitializeOnLoadAttributes (352ms)
				ProcessInitializeOnLoadMethodAttributes (47ms)
				AfterProcessingInitializeOnLoad (14ms)
				EditorAssembliesLoaded (0ms)
			ExecutionOrderSort2 (0ms)
			AwakeInstancesAfterBackupRestoration (28ms)
Platform modules already initialized, skipping
Refreshing native plugins compatible for Editor in 2.70 ms, found 3 plugins.
Preloading 0 native plugins for Editor in 0.00 ms.
Unloading 3564 Unused Serialized files (Serialized files now loaded: 0)
Unloading 44 unused Assets / (3.3 MB). Loaded Objects now: 4014.
Memory consumption went from 129.5 MB to 126.3 MB.
Total: 6.166100 ms (FindLiveObjects: 0.281900 ms CreateObjectMapping: 0.157800 ms MarkObjects: 4.192600 ms  DeleteObjects: 1.531200 ms)

AssetImportParameters requested are different than current active one (requested -> active):
  custom:video-decoder-ogg-theora: a1e56fd34408186e4bbccfd4996cb3dc -> 
  custom:container-muxer-webm: aa71ff27fc2769a1b78a27578f13a17b -> 
  custom:container-demuxer-webm: 4f35f7cbe854078d1ac9338744f61a02 -> 
  custom:video-encoder-webm-vp8: eb34c28f22e8b96e1ab97ce403110664 -> 
  custom:audio-encoder-webm-vorbis: bf7c407c2cedff20999df2af8eb42d56 -> 
  custom:framework-win-MediaFoundation: 216162199b28c13a410421893ffa2e32 -> 
  custom:container-demuxer-ogg: 62fdf1f143b41e24485cea50d1cbac27 -> 
  custom:video-decoder-webm-vp8: 9c59270c3fd7afecdb556c50c9e8de78 -> 
  custom:audio-decoder-ogg-vorbis: bf7c407c2cedff20999df2af8eb42d56 -> 
========================================================================
Received Prepare
Registering precompiled user dll's ...
Registered in 0.008414 seconds.
Begin MonoManager ReloadAssembly
Symbol file LoadedFromMemory doesn't match image C:\_Voodoo_projects\breeding-madness-v2\breeding-madness-v2\Library\PackageCache\com.unity.visualscripting@1.7.8\Editor\VisualScripting.Core\Dependencies\YamlDotNet\Unity.VisualScripting.YamlDotNet.dll
Symbol file LoadedFromMemory doesn't match image C:\_Voodoo_projects\breeding-madness-v2\breeding-madness-v2\Library\PackageCache\com.unity.visualscripting@1.7.8\Editor\VisualScripting.Core\Dependencies\DotNetZip\Unity.VisualScripting.IonicZip.dll
Native extension for WindowsStandalone target not found
Native extension for iOS target not found
Native extension for Android target not found
Refreshing native plugins compatible for Editor in 0.83 ms, found 3 plugins.
Preloading 0 native plugins for Editor in 0.00 ms.
Mono: successfully reloaded assembly
- Completed reload, in  1.238 seconds
Domain Reload Profiling:
	ReloadAssembly (1239ms)
		BeginReloadAssembly (142ms)
			ExecutionOrderSort (0ms)
			DisableScriptedObjects (5ms)
			BackupInstance (0ms)
			ReleaseScriptingObjects (0ms)
			CreateAndSetChildDomain (42ms)
		EndReloadAssembly (986ms)
			LoadAssemblies (93ms)
			RebuildTransferFunctionScriptingTraits (0ms)
			SetupTypeCache (347ms)
			ReleaseScriptCaches (1ms)
			RebuildScriptCaches (70ms)
			SetupLoadedEditorAssemblies (399ms)
				LogAssemblyErrors (0ms)
				InitializePlatformSupportModulesInManaged (33ms)
				SetLoadedEditorAssemblies (0ms)
				RefreshPlugins (1ms)
				BeforeProcessingInitializeOnLoad (81ms)
				ProcessInitializeOnLoadAttributes (247ms)
				ProcessInitializeOnLoadMethodAttributes (29ms)
				AfterProcessingInitializeOnLoad (8ms)
				EditorAssembliesLoaded (0ms)
			ExecutionOrderSort2 (0ms)
			AwakeInstancesAfterBackupRestoration (22ms)
Platform modules already initialized, skipping
Refreshing native plugins compatible for Editor in 3.13 ms, found 3 plugins.
Preloading 0 native plugins for Editor in 0.00 ms.
Unloading 3564 Unused Serialized files (Serialized files now loaded: 0)
Unloading 44 unused Assets / (3.3 MB). Loaded Objects now: 4017.
Memory consumption went from 129.5 MB to 126.3 MB.
Total: 3.916300 ms (FindLiveObjects: 0.219800 ms CreateObjectMapping: 0.104500 ms MarkObjects: 2.501100 ms  DeleteObjects: 1.089700 ms)

AssetImportParameters requested are different than current active one (requested -> active):
  custom:video-decoder-ogg-theora: a1e56fd34408186e4bbccfd4996cb3dc -> 
  custom:container-muxer-webm: aa71ff27fc2769a1b78a27578f13a17b -> 
  custom:container-demuxer-webm: 4f35f7cbe854078d1ac9338744f61a02 -> 
  custom:video-encoder-webm-vp8: eb34c28f22e8b96e1ab97ce403110664 -> 
  custom:audio-encoder-webm-vorbis: bf7c407c2cedff20999df2af8eb42d56 -> 
  custom:framework-win-MediaFoundation: 216162199b28c13a410421893ffa2e32 -> 
  custom:container-demuxer-ogg: 62fdf1f143b41e24485cea50d1cbac27 -> 
  custom:video-decoder-webm-vp8: 9c59270c3fd7afecdb556c50c9e8de78 -> 
  custom:audio-decoder-ogg-vorbis: bf7c407c2cedff20999df2af8eb42d56 -> 
========================================================================
Received Prepare
Refreshing native plugins compatible for Editor in 5.35 ms, found 3 plugins.
Preloading 0 native plugins for Editor in 0.00 ms.
Unloading 44 Unused Serialized files (Serialized files now loaded: 0)
Unloading 44 unused Assets / (3.3 MB). Loaded Objects now: 4017.
Memory consumption went from 59.1 MB to 55.9 MB.
Total: 4.716100 ms (FindLiveObjects: 0.235000 ms CreateObjectMapping: 0.101600 ms MarkObjects: 2.241900 ms  DeleteObjects: 2.136500 ms)

AssetImportParameters requested are different than current active one (requested -> active):
  custom:video-decoder-ogg-theora: a1e56fd34408186e4bbccfd4996cb3dc -> 
  custom:container-muxer-webm: aa71ff27fc2769a1b78a27578f13a17b -> 
  custom:container-demuxer-webm: 4f35f7cbe854078d1ac9338744f61a02 -> 
  custom:video-encoder-webm-vp8: eb34c28f22e8b96e1ab97ce403110664 -> 
  custom:audio-encoder-webm-vorbis: bf7c407c2cedff20999df2af8eb42d56 -> 
  custom:framework-win-MediaFoundation: 216162199b28c13a410421893ffa2e32 -> 
  custom:container-demuxer-ogg: 62fdf1f143b41e24485cea50d1cbac27 -> 
  custom:video-decoder-webm-vp8: 9c59270c3fd7afecdb556c50c9e8de78 -> 
  custom:audio-decoder-ogg-vorbis: bf7c407c2cedff20999df2af8eb42d56 -> 
========================================================================
Received Prepare
Registering precompiled user dll's ...
Registered in 0.031155 seconds.
Begin MonoManager ReloadAssembly
Symbol file LoadedFromMemory doesn't match image C:\_Voodoo_projects\breeding-madness-v2\breeding-madness-v2\Library\PackageCache\com.unity.visualscripting@1.7.8\Editor\VisualScripting.Core\Dependencies\YamlDotNet\Unity.VisualScripting.YamlDotNet.dll
Symbol file LoadedFromMemory doesn't match image C:\_Voodoo_projects\breeding-madness-v2\breeding-madness-v2\Library\PackageCache\com.unity.visualscripting@1.7.8\Editor\VisualScripting.Core\Dependencies\DotNetZip\Unity.VisualScripting.IonicZip.dll
Native extension for WindowsStandalone target not found
Native extension for iOS target not found
Native extension for Android target not found
Refreshing native plugins compatible for Editor in 1.47 ms, found 3 plugins.
Preloading 0 native plugins for Editor in 0.00 ms.
Mono: successfully reloaded assembly
- Completed reload, in  1.738 seconds
Domain Reload Profiling:
	ReloadAssembly (1739ms)
		BeginReloadAssembly (215ms)
			ExecutionOrderSort (0ms)
			DisableScriptedObjects (9ms)
			BackupInstance (0ms)
			ReleaseScriptingObjects (0ms)
			CreateAndSetChildDomain (57ms)
		EndReloadAssembly (1358ms)
			LoadAssemblies (143ms)
			RebuildTransferFunctionScriptingTraits (0ms)
			SetupTypeCache (434ms)
			ReleaseScriptCaches (2ms)
			RebuildScriptCaches (65ms)
			SetupLoadedEditorAssemblies (614ms)
				LogAssemblyErrors (0ms)
				InitializePlatformSupportModulesInManaged (40ms)
				SetLoadedEditorAssemblies (1ms)
				RefreshPlugins (2ms)
				BeforeProcessingInitializeOnLoad (139ms)
				ProcessInitializeOnLoadAttributes (380ms)
				ProcessInitializeOnLoadMethodAttributes (42ms)
				AfterProcessingInitializeOnLoad (11ms)
				EditorAssembliesLoaded (0ms)
			ExecutionOrderSort2 (0ms)
			AwakeInstancesAfterBackupRestoration (26ms)
Platform modules already initialized, skipping
Refreshing native plugins compatible for Editor in 20.26 ms, found 3 plugins.
Preloading 0 native plugins for Editor in 0.00 ms.
Unloading 3779 Unused Serialized files (Serialized files now loaded: 0)
Unloading 126 unused Assets / (3.3 MB). Loaded Objects now: 4189.
Memory consumption went from 135.9 MB to 132.6 MB.
Total: 8.241200 ms (FindLiveObjects: 0.360600 ms CreateObjectMapping: 0.235200 ms MarkObjects: 5.011900 ms  DeleteObjects: 2.631600 ms)

AssetImportParameters requested are different than current active one (requested -> active):
  custom:video-decoder-ogg-theora: a1e56fd34408186e4bbccfd4996cb3dc -> 
  custom:container-muxer-webm: aa71ff27fc2769a1b78a27578f13a17b -> 
  custom:container-demuxer-webm: 4f35f7cbe854078d1ac9338744f61a02 -> 
  custom:video-encoder-webm-vp8: eb34c28f22e8b96e1ab97ce403110664 -> 
  custom:audio-encoder-webm-vorbis: bf7c407c2cedff20999df2af8eb42d56 -> 
  custom:framework-win-MediaFoundation: 216162199b28c13a410421893ffa2e32 -> 
  custom:container-demuxer-ogg: 62fdf1f143b41e24485cea50d1cbac27 -> 
  custom:video-decoder-webm-vp8: 9c59270c3fd7afecdb556c50c9e8de78 -> 
  custom:audio-decoder-ogg-vorbis: bf7c407c2cedff20999df2af8eb42d56 -> 
========================================================================
Received Import Request.
  Time since last request: 892.597349 seconds.
  path: Assets/Resources/GameAnalytics/Settings.asset
  artifactKey: Guid(d8d3c2a143687494daa49198f30be68f) Importer(815301076,1909f56bfc062723c751e8b465ee728b)
Start importing Assets/Resources/GameAnalytics/Settings.asset using Guid(d8d3c2a143687494daa49198f30be68f) Importer(815301076,1909f56bfc062723c751e8b465ee728b)  -> (artifact id: '394128d12365e9af6b27aebfb9e90b50') in 0.083533 seconds 
========================================================================
Received Import Request.
  Time since last request: 103.682919 seconds.
  path: Assets/VoodooPackages/TinySauce/Internal
  artifactKey: Guid(bb847247965a74026ba17043c5737db9) Importer(815301076,1909f56bfc062723c751e8b465ee728b)
Start importing Assets/VoodooPackages/TinySauce/Internal using Guid(bb847247965a74026ba17043c5737db9) Importer(815301076,1909f56bfc062723c751e8b465ee728b)  -> (artifact id: '13f97c84c218b6bfbc4219c0c618d06b') in 0.003603 seconds 
========================================================================
Received Import Request.
  Time since last request: 1.121482 seconds.
  path: Assets/VoodooPackages/TinySauce/Analytics
  artifactKey: Guid(7bf67e73cbf0d45c8935a77c0f8b7bcc) Importer(815301076,1909f56bfc062723c751e8b465ee728b)
Start importing Assets/VoodooPackages/TinySauce/Analytics using Guid(7bf67e73cbf0d45c8935a77c0f8b7bcc) Importer(815301076,1909f56bfc062723c751e8b465ee728b)  -> (artifact id: 'afb1eed0509049b5b352ee2bbee6bc6b') in 0.003464 seconds 
========================================================================
Received Import Request.
  Time since last request: 1.405250 seconds.
  path: Assets/VoodooPackages/TinySauce/Plugins
  artifactKey: Guid(61d5176a6609e4e05a7622c9cbec3030) Importer(815301076,1909f56bfc062723c751e8b465ee728b)
Start importing Assets/VoodooPackages/TinySauce/Plugins using Guid(61d5176a6609e4e05a7622c9cbec3030) Importer(815301076,1909f56bfc062723c751e8b465ee728b)  -> (artifact id: 'b10f14a651e554e7649b1a8287babd97') in 0.003667 seconds 
========================================================================
Received Import Request.
  Time since last request: 0.305446 seconds.
  path: Assets/VoodooPackages/TinySauce/Prefabs
  artifactKey: Guid(1d9f37a5b13624b738207a113efb8911) Importer(815301076,1909f56bfc062723c751e8b465ee728b)
Start importing Assets/VoodooPackages/TinySauce/Prefabs using Guid(1d9f37a5b13624b738207a113efb8911) Importer(815301076,1909f56bfc062723c751e8b465ee728b)  -> (artifact id: 'fd79267399433a0ddf376df87f616fe4') in 0.003681 seconds 
========================================================================
Received Import Request.
  Time since last request: 8.204542 seconds.
  path: Assets/VoodooPackages/TinySauce/Prefabs/TinySauce.prefab
  artifactKey: Guid(0b960778462d34f7283156e4edafb7a2) Importer(815301076,1909f56bfc062723c751e8b465ee728b)
Start importing Assets/VoodooPackages/TinySauce/Prefabs/TinySauce.prefab using Guid(0b960778462d34f7283156e4edafb7a2) Importer(815301076,1909f56bfc062723c751e8b465ee728b)  -> (artifact id: 'b6e8210d837d006a46cf33f0c0d27b06') in 0.042558 seconds 
========================================================================
Received Import Request.
  Time since last request: 3.309759 seconds.
  path: Assets/Resources/TinySauce/Settings.asset
  artifactKey: Guid(abbb87f0dc8bac64b81ba9fe7fbe9d09) Importer(815301076,1909f56bfc062723c751e8b465ee728b)
Start importing Assets/Resources/TinySauce/Settings.asset using Guid(abbb87f0dc8bac64b81ba9fe7fbe9d09) Importer(815301076,1909f56bfc062723c751e8b465ee728b)  -> (artifact id: '197c66526c451befef5a050fa9a4fd61') in 0.002731 seconds 
========================================================================
Received Prepare
Registering precompiled user dll's ...
Registered in 0.088256 seconds.
Begin MonoManager ReloadAssembly
Symbol file LoadedFromMemory doesn't match image C:\_Voodoo_projects\breeding-madness-v2\breeding-madness-v2\Library\PackageCache\com.unity.visualscripting@1.7.8\Editor\VisualScripting.Core\Dependencies\YamlDotNet\Unity.VisualScripting.YamlDotNet.dll
Symbol file LoadedFromMemory doesn't match image C:\_Voodoo_projects\breeding-madness-v2\breeding-madness-v2\Library\PackageCache\com.unity.visualscripting@1.7.8\Editor\VisualScripting.Core\Dependencies\DotNetZip\Unity.VisualScripting.IonicZip.dll
Native extension for WindowsStandalone target not found
Native extension for iOS target not found
Native extension for Android target not found
Refreshing native plugins compatible for Editor in 12.25 ms, found 3 plugins.
Preloading 0 native plugins for Editor in 0.00 ms.
System.IO.IOException: Sharing violation on path C:\_Voodoo_projects\breeding-madness-v2\breeding-madness-v2\ProjectSettings\GvhProjectSettings.xml
  at System.IO.FileStream..ctor (System.String path, System.IO.FileMode mode, System.IO.FileAccess access, System.IO.FileShare share, System.Int32 bufferSize, System.Boolean anonymous, System.IO.FileOptions options) [0x0019e] in <d4cde64232cf45659d86aafa597faa77>:0 
  at System.IO.FileStream..ctor (System.String path, System.IO.FileMode mode, System.IO.FileAccess access, System.IO.FileShare share, System.Int32 bufferSize, System.IO.FileOptions options) [0x00000] in <d4cde64232cf45659d86aafa597faa77>:0 
  at (wrapper remoting-invoke-with-check) System.IO.FileStream..ctor(string,System.IO.FileMode,System.IO.FileAccess,System.IO.FileShare,int,System.IO.FileOptions)
  at System.IO.StreamReader..ctor (System.String path, System.Text.Encoding encoding, System.Boolean detectEncodingFromByteOrderMarks, System.Int32 bufferSize) [0x00055] in <d4cde64232cf45659d86aafa597faa77>:0 
  at System.IO.StreamReader..ctor (System.String path, System.Boolean detectEncodingFromByteOrderMarks) [0x00007] in <d4cde64232cf45659d86aafa597faa77>:0 
  at System.IO.StreamReader..ctor (System.String path) [0x00000] in <d4cde64232cf45659d86aafa597faa77>:0 
  at (wrapper remoting-invoke-with-check) System.IO.StreamReader..ctor(string)
  at Google.XmlUtilities.ParseXmlTextFileElements (System.String filename, Google.Logger logger, Google.XmlUtilities+ParseElement parseElement) [0x0000f] in /Users/chkuang/Workspace/git/unity-jar-resolver/source/VersionHandlerImpl/src/XmlUtilities.cs:104 
  at Google.ProjectSettings.Load () [0x00012] in /Users/chkuang/Workspace/git/unity-jar-resolver/source/VersionHandlerImpl/src/ProjectSettings.cs:777 
  at Google.ProjectSettings.LoadIfEmpty () [0x0001b] in /Users/chkuang/Workspace/git/unity-jar-resolver/source/VersionHandlerImpl/src/ProjectSettings.cs:558 
  at Google.ProjectSettings.GetBool (System.String name, System.Boolean defaultValue, Google.SettingsLocation location) [0x0002b] in /Users/chkuang/Workspace/git/unity-jar-resolver/source/VersionHandlerImpl/src/ProjectSettings.cs:606 
  at Google.ProjectSettings.GetBool (System.String name, System.Boolean defaultValue) [0x00000] in /Users/chkuang/Workspace/git/unity-jar-resolver/source/VersionHandlerImpl/src/ProjectSettings.cs:619 
  at Google.IOSResolver.get_VerboseLoggingEnabled () [0x00000] in /Users/chkuang/Workspace/git/unity-jar-resolver/source/IOSResolver/src/IOSResolver.cs:996 
  at Google.IOSResolver..cctor () [0x001ec] in /Users/chkuang/Workspace/git/unity-jar-resolver/source/IOSResolver/src/IOSResolver.cs:692 
UnityEngine.StackTraceUtility:ExtractStackTrace ()
UnityEngine.DebugLogHandler:LogFormat (UnityEngine.LogType,UnityEngine.Object,string,object[])
UnityEngine.Logger:Log (UnityEngine.LogType,object)
UnityEngine.Debug:LogError (object)
UnityEditor.EditorAssemblies:ProcessInitializeOnLoadAttributes (System.Type[])

Mono: successfully reloaded assembly
- Completed reload, in  2.823 seconds
Domain Reload Profiling:
	ReloadAssembly (2824ms)
		BeginReloadAssembly (473ms)
			ExecutionOrderSort (0ms)
			DisableScriptedObjects (52ms)
			BackupInstance (0ms)
			ReleaseScriptingObjects (0ms)
			CreateAndSetChildDomain (119ms)
		EndReloadAssembly (1999ms)
			LoadAssemblies (267ms)
			RebuildTransferFunctionScriptingTraits (0ms)
			SetupTypeCache (787ms)
			ReleaseScriptCaches (4ms)
			RebuildScriptCaches (100ms)
			SetupLoadedEditorAssemblies (780ms)
				LogAssemblyErrors (0ms)
				InitializePlatformSupportModulesInManaged (92ms)
				SetLoadedEditorAssemblies (2ms)
				RefreshPlugins (13ms)
				BeforeProcessingInitializeOnLoad (148ms)
				ProcessInitializeOnLoadAttributes (469ms)
				ProcessInitializeOnLoadMethodAttributes (44ms)
				AfterProcessingInitializeOnLoad (11ms)
				EditorAssembliesLoaded (0ms)
			ExecutionOrderSort2 (0ms)
			AwakeInstancesAfterBackupRestoration (24ms)
Platform modules already initialized, skipping
Refreshing native plugins compatible for Editor in 12.54 ms, found 3 plugins.
Preloading 0 native plugins for Editor in 0.00 ms.
Unloading 3779 Unused Serialized files (Serialized files now loaded: 0)
Unloading 127 unused Assets / (3.3 MB). Loaded Objects now: 4194.
Memory consumption went from 136.2 MB to 132.9 MB.
Total: 5.746300 ms (FindLiveObjects: 0.273800 ms CreateObjectMapping: 0.133500 ms MarkObjects: 3.942300 ms  DeleteObjects: 1.395000 ms)

AssetImportParameters requested are different than current active one (requested -> active):
  custom:video-decoder-ogg-theora: a1e56fd34408186e4bbccfd4996cb3dc -> 
  custom:container-muxer-webm: aa71ff27fc2769a1b78a27578f13a17b -> 
  custom:container-demuxer-webm: 4f35f7cbe854078d1ac9338744f61a02 -> 
  custom:video-encoder-webm-vp8: eb34c28f22e8b96e1ab97ce403110664 -> 
  custom:audio-encoder-webm-vorbis: bf7c407c2cedff20999df2af8eb42d56 -> 
  custom:framework-win-MediaFoundation: 216162199b28c13a410421893ffa2e32 -> 
  custom:container-demuxer-ogg: 62fdf1f143b41e24485cea50d1cbac27 -> 
  custom:video-decoder-webm-vp8: 9c59270c3fd7afecdb556c50c9e8de78 -> 
  custom:audio-decoder-ogg-vorbis: bf7c407c2cedff20999df2af8eb42d56 -> 
========================================================================
Received Prepare
Refreshing native plugins compatible for Editor in 65.62 ms, found 3 plugins.
Preloading 0 native plugins for Editor in 0.00 ms.
Unloading 126 Unused Serialized files (Serialized files now loaded: 0)
Unloading 126 unused Assets / (3.3 MB). Loaded Objects now: 4194.
Memory consumption went from 63.1 MB to 59.8 MB.
Total: 22.736700 ms (FindLiveObjects: 2.648300 ms CreateObjectMapping: 1.012200 ms MarkObjects: 10.051400 ms  DeleteObjects: 9.022300 ms)

AssetImportParameters requested are different than current active one (requested -> active):
  custom:video-decoder-ogg-theora: a1e56fd34408186e4bbccfd4996cb3dc -> 
  custom:container-muxer-webm: aa71ff27fc2769a1b78a27578f13a17b -> 
  custom:container-demuxer-webm: 4f35f7cbe854078d1ac9338744f61a02 -> 
  custom:video-encoder-webm-vp8: eb34c28f22e8b96e1ab97ce403110664 -> 
  custom:audio-encoder-webm-vorbis: bf7c407c2cedff20999df2af8eb42d56 -> 
  custom:framework-win-MediaFoundation: 216162199b28c13a410421893ffa2e32 -> 
  custom:container-demuxer-ogg: 62fdf1f143b41e24485cea50d1cbac27 -> 
  custom:video-decoder-webm-vp8: 9c59270c3fd7afecdb556c50c9e8de78 -> 
  custom:audio-decoder-ogg-vorbis: bf7c407c2cedff20999df2af8eb42d56 -> 
========================================================================
Received Import Request.
  Time since last request: 295.964594 seconds.
  path: Assets/VoodooPackages/TinySauce/Analytics/Facebook/3rdParty/FacebookSDK/SDK/Resources/FacebookSettings.asset
  artifactKey: Guid(bf0cc1783c4614a6aac2ef651578e750) Importer(815301076,1909f56bfc062723c751e8b465ee728b)
Start importing Assets/VoodooPackages/TinySauce/Analytics/Facebook/3rdParty/FacebookSDK/SDK/Resources/FacebookSettings.asset using Guid(bf0cc1783c4614a6aac2ef651578e750) Importer(815301076,1909f56bfc062723c751e8b465ee728b)  -> (artifact id: 'a5d8150b586870ed2e55d0c1f7f5a407') in 0.016345 seconds 
========================================================================
Received Prepare
Refreshing native plugins compatible for Editor in 38.16 ms, found 3 plugins.
Preloading 0 native plugins for Editor in 0.00 ms.
Unloading 126 Unused Serialized files (Serialized files now loaded: 0)
Unloading 126 unused Assets / (3.3 MB). Loaded Objects now: 4194.
Memory consumption went from 63.1 MB to 59.8 MB.
Total: 6.835100 ms (FindLiveObjects: 0.298400 ms CreateObjectMapping: 0.252400 ms MarkObjects: 4.404200 ms  DeleteObjects: 1.878600 ms)

AssetImportParameters requested are different than current active one (requested -> active):
  custom:video-decoder-ogg-theora: a1e56fd34408186e4bbccfd4996cb3dc -> 
  custom:container-muxer-webm: aa71ff27fc2769a1b78a27578f13a17b -> 
  custom:container-demuxer-webm: 4f35f7cbe854078d1ac9338744f61a02 -> 
  custom:video-encoder-webm-vp8: eb34c28f22e8b96e1ab97ce403110664 -> 
  custom:audio-encoder-webm-vorbis: bf7c407c2cedff20999df2af8eb42d56 -> 
  custom:framework-win-MediaFoundation: 216162199b28c13a410421893ffa2e32 -> 
  custom:container-demuxer-ogg: 62fdf1f143b41e24485cea50d1cbac27 -> 
  custom:video-decoder-webm-vp8: 9c59270c3fd7afecdb556c50c9e8de78 -> 
  custom:audio-decoder-ogg-vorbis: bf7c407c2cedff20999df2af8eb42d56 -> 
========================================================================
Received Import Request.
  Time since last request: 1776.899601 seconds.
  path: Assets/VoodooPackages/TinySauce/Analytics/GameAnalytics/3rdParty/GameAnalytics/Gizmos/Images/active.png
  artifactKey: Guid(2a410468f562749b09418cdaaa03e6c3) Importer(815301076,1909f56bfc062723c751e8b465ee728b)
Start importing Assets/VoodooPackages/TinySauce/Analytics/GameAnalytics/3rdParty/GameAnalytics/Gizmos/Images/active.png using Guid(2a410468f562749b09418cdaaa03e6c3) Importer(815301076,1909f56bfc062723c751e8b465ee728b)  -> (artifact id: '449b107fac342b5cb4a9e9f41ee68d99') in 0.075721 seconds 
========================================================================
Received Import Request.
  Time since last request: 0.000025 seconds.
  path: Assets/Suriyun/UI/anim_button1.png
  artifactKey: Guid(51eefa83fcba3224ea26f21c49c5697d) Importer(815301076,1909f56bfc062723c751e8b465ee728b)
Start importing Assets/Suriyun/UI/anim_button1.png using Guid(51eefa83fcba3224ea26f21c49c5697d) Importer(815301076,1909f56bfc062723c751e8b465ee728b)  -> (artifact id: 'db249a5be83909f58e188b78fad72670') in 0.091091 seconds 
========================================================================
Received Import Request.
  Time since last request: 0.000041 seconds.
  path: Assets/Resources/UI/icons/items/apple_0.PNG
  artifactKey: Guid(089e65d253ae72946bfc975d60e87df0) Importer(815301076,1909f56bfc062723c751e8b465ee728b)
Start importing Assets/Resources/UI/icons/items/apple_0.PNG using Guid(089e65d253ae72946bfc975d60e87df0) Importer(815301076,1909f56bfc062723c751e8b465ee728b)  -> (artifact id: '56875160948f2bcf70fb230563babeb2') in 0.053460 seconds 
========================================================================
Received Import Request.
  Time since last request: 0.000036 seconds.
  path: Assets/Suriyun/Cute Pet/Texture/Alpaca_B.png
  artifactKey: Guid(728ecdbf0b1452a4782dc979b704daad) Importer(815301076,1909f56bfc062723c751e8b465ee728b)
Start importing Assets/Suriyun/Cute Pet/Texture/Alpaca_B.png using Guid(728ecdbf0b1452a4782dc979b704daad) Importer(815301076,1909f56bfc062723c751e8b465ee728b)  -> (artifact id: '66dd34b76332232fd122f7ff3d84a270') in 0.028227 seconds 
========================================================================
Received Import Request.
  Time since last request: 0.000039 seconds.
  path: Assets/Resources/UI/icons/items/apple_2.PNG
  artifactKey: Guid(94657615d4445184e8d582b262e22c8a) Importer(815301076,1909f56bfc062723c751e8b465ee728b)
Start importing Assets/Resources/UI/icons/items/apple_2.PNG using Guid(94657615d4445184e8d582b262e22c8a) Importer(815301076,1909f56bfc062723c751e8b465ee728b)  -> (artifact id: '7e70d68c88543f48f93ec27846bf8d36') in 0.045359 seconds 
========================================================================
Received Import Request.
  Time since last request: 2.940680 seconds.
  path: Assets/Resources/UI/icons/gameIcon.png
  artifactKey: Guid(e840a5a641342674a872d187abe3d5ec) Importer(815301076,1909f56bfc062723c751e8b465ee728b)
Start importing Assets/Resources/UI/icons/gameIcon.png using Guid(e840a5a641342674a872d187abe3d5ec) Importer(815301076,1909f56bfc062723c751e8b465ee728b)  -> (artifact id: '13da4df4372a2c98155c6c089ea0e422') in 0.017670 seconds 
========================================================================
Received Import Request.
  Time since last request: 0.000039 seconds.
  path: Assets/Resources/tutorial/icon_hand.png
  artifactKey: Guid(66dd930df2a4cc64fa8dcc185940b0b9) Importer(815301076,1909f56bfc062723c751e8b465ee728b)
Start importing Assets/Resources/tutorial/icon_hand.png using Guid(66dd930df2a4cc64fa8dcc185940b0b9) Importer(815301076,1909f56bfc062723c751e8b465ee728b)  -> (artifact id: '9f5c9daf9e6e01cc40251a1f36443c98') in 0.017064 seconds 
========================================================================
Received Import Request.
  Time since last request: 0.000027 seconds.
  path: Assets/Resources/UI/popups/noEnergy/icon_noEnergy.png
  artifactKey: Guid(c45d38436b1313a439273ae4ddb703af) Importer(815301076,1909f56bfc062723c751e8b465ee728b)
Start importing Assets/Resources/UI/popups/noEnergy/icon_noEnergy.png using Guid(c45d38436b1313a439273ae4ddb703af) Importer(815301076,1909f56bfc062723c751e8b465ee728b)  -> (artifact id: 'efff328b2292fc161c778c93f5f16b1b') in 0.043974 seconds 
========================================================================
Received Import Request.
  Time since last request: 0.000032 seconds.
  path: Assets/Resources/UI/popups/gardenOptionsPopup/icon_noEnergy.png
  artifactKey: Guid(06ac96ed0b8150a4cb3f31acd9189834) Importer(815301076,1909f56bfc062723c751e8b465ee728b)
Start importing Assets/Resources/UI/popups/gardenOptionsPopup/icon_noEnergy.png using Guid(06ac96ed0b8150a4cb3f31acd9189834) Importer(815301076,1909f56bfc062723c751e8b465ee728b)  -> (artifact id: '0e4ee41d54c5309833094b5fa530a5f6') in 0.028313 seconds 
========================================================================
Received Import Request.
  Time since last request: 35.791436 seconds.
  path: Assets/Resources/UI/icons/items/apple_3.PNG
  artifactKey: Guid(780fddbffe427e04aaba51bd26cc9b6d) Importer(815301076,1909f56bfc062723c751e8b465ee728b)
Start importing Assets/Resources/UI/icons/items/apple_3.PNG using Guid(780fddbffe427e04aaba51bd26cc9b6d) Importer(815301076,1909f56bfc062723c751e8b465ee728b)  -> (artifact id: 'a55beda04c446406420526bfe30a9f31') in 0.031657 seconds 
========================================================================
Received Import Request.
  Time since last request: 0.000029 seconds.
  path: Assets/Resources/UI/icons/items/avocado_0.png
  artifactKey: Guid(2697d1e66b4415b47a77ed9ebe44d847) Importer(815301076,1909f56bfc062723c751e8b465ee728b)
Start importing Assets/Resources/UI/icons/items/avocado_0.png using Guid(2697d1e66b4415b47a77ed9ebe44d847) Importer(815301076,1909f56bfc062723c751e8b465ee728b)  -> (artifact id: '42ce460294304fe944b4f5a66845278a') in 0.032791 seconds 
========================================================================
Received Import Request.
  Time since last request: 0.000048 seconds.
  path: Assets/Resources/UI/icons/items/apple_5.PNG
  artifactKey: Guid(7f0f2ab2f509103449119e3cf2253c3c) Importer(815301076,1909f56bfc062723c751e8b465ee728b)
Start importing Assets/Resources/UI/icons/items/apple_5.PNG using Guid(7f0f2ab2f509103449119e3cf2253c3c) Importer(815301076,1909f56bfc062723c751e8b465ee728b)  -> (artifact id: 'fa4ab003a67c3ce0ef0d287622500851') in 0.040922 seconds 
========================================================================
Received Import Request.
  Time since last request: 0.000025 seconds.
  path: Assets/Resources/UI/icons/items/bronze_1.png
  artifactKey: Guid(bab273bd8d4075c4388926418b9da36a) Importer(815301076,1909f56bfc062723c751e8b465ee728b)
Start importing Assets/Resources/UI/icons/items/bronze_1.png using Guid(bab273bd8d4075c4388926418b9da36a) Importer(815301076,1909f56bfc062723c751e8b465ee728b)  -> (artifact id: 'bb2b8f1d483c4c8f4a40a69d4f5ecab4') in 0.030291 seconds 
========================================================================
Received Import Request.
  Time since last request: 0.000020 seconds.
  path: Assets/Resources/UI/icons/common/BTN_150.png
  artifactKey: Guid(42302c360c4c0d34fa0656970800d4e8) Importer(815301076,1909f56bfc062723c751e8b465ee728b)
Start importing Assets/Resources/UI/icons/common/BTN_150.png using Guid(42302c360c4c0d34fa0656970800d4e8) Importer(815301076,1909f56bfc062723c751e8b465ee728b)  -> (artifact id: '21414cc3e3d3662a15cef4c8140f0373') in 0.019481 seconds 
========================================================================
Received Import Request.
  Time since last request: 0.000029 seconds.
  path: Assets/Resources/UI/icons/common/BTN_80_bevel.png
  artifactKey: Guid(c81657bb3b3015d46ba504561d3d0cb9) Importer(815301076,1909f56bfc062723c751e8b465ee728b)
Start importing Assets/Resources/UI/icons/common/BTN_80_bevel.png using Guid(c81657bb3b3015d46ba504561d3d0cb9) Importer(815301076,1909f56bfc062723c751e8b465ee728b)  -> (artifact id: '1c64fbb30526315bedfbaa8a5e03121f') in 0.017638 seconds 
========================================================================
Received Import Request.
  Time since last request: 0.000023 seconds.
  path: Assets/Resources/UI/icons/common/BTN_150_cropped.png
  artifactKey: Guid(39a83bce9ae23b34d8ca184b04ed7231) Importer(815301076,1909f56bfc062723c751e8b465ee728b)
Start importing Assets/Resources/UI/icons/common/BTN_150_cropped.png using Guid(39a83bce9ae23b34d8ca184b04ed7231) Importer(815301076,1909f56bfc062723c751e8b465ee728b)  -> (artifact id: '0e096e98edd96bb5f313c1f19d2fecdb') in 0.017918 seconds 
========================================================================
Received Import Request.
  Time since last request: 0.000023 seconds.
  path: Assets/Resources/UI/icons/items/cabbage_0.PNG
  artifactKey: Guid(140a61c0a6718b845be693a8b1ce0323) Importer(815301076,1909f56bfc062723c751e8b465ee728b)
Start importing Assets/Resources/UI/icons/items/cabbage_0.PNG using Guid(140a61c0a6718b845be693a8b1ce0323) Importer(815301076,1909f56bfc062723c751e8b465ee728b)  -> (artifact id: '5bc7a8dcc13125876909a4b221657c64') in 0.037705 seconds 
========================================================================
Received Import Request.
  Time since last request: 0.000023 seconds.
  path: Assets/Resources/UI/buttons/button_S_pressed.PNG
  artifactKey: Guid(94894093fdd1c814f8a4ece9bd6e19ba) Importer(815301076,1909f56bfc062723c751e8b465ee728b)
Start importing Assets/Resources/UI/buttons/button_S_pressed.PNG using Guid(94894093fdd1c814f8a4ece9bd6e19ba) Importer(815301076,1909f56bfc062723c751e8b465ee728b)  -> (artifact id: '32d357bb90325307aca0c9df45f7b346') in 0.022637 seconds 
========================================================================
Received Import Request.
  Time since last request: 0.000042 seconds.
  path: Assets/Resources/UI/icons/items/blueberry_2.PNG
  artifactKey: Guid(bdbd01936082a294abeaf93b47de8e7c) Importer(815301076,1909f56bfc062723c751e8b465ee728b)
Start importing Assets/Resources/UI/icons/items/blueberry_2.PNG using Guid(bdbd01936082a294abeaf93b47de8e7c) Importer(815301076,1909f56bfc062723c751e8b465ee728b)  -> (artifact id: '934ac3e3b02cc526d187d7d240c1314a') in 0.037582 seconds 
========================================================================
Received Import Request.
  Time since last request: 0.000032 seconds.
  path: Assets/Resources/UI/icons/items/banana_0.png
  artifactKey: Guid(e6a265196f044434ba6688f3cf841cf2) Importer(815301076,1909f56bfc062723c751e8b465ee728b)
Start importing Assets/Resources/UI/icons/items/banana_0.png using Guid(e6a265196f044434ba6688f3cf841cf2) Importer(815301076,1909f56bfc062723c751e8b465ee728b)  -> (artifact id: '0289e8402b8a437f26929c11c6964e65') in 0.035954 seconds 
========================================================================
Received Import Request.
  Time since last request: 0.000022 seconds.
  path: Assets/Resources/UI/icons/items/cactus1_0.png
  artifactKey: Guid(c1d9072387693484496d780cc9c0bc9b) Importer(815301076,1909f56bfc062723c751e8b465ee728b)
Start importing Assets/Resources/UI/icons/items/cactus1_0.png using Guid(c1d9072387693484496d780cc9c0bc9b) Importer(815301076,1909f56bfc062723c751e8b465ee728b)  -> (artifact id: 'f56d4c060670899a8e86a9c7d5b9782f') in 0.033195 seconds 
========================================================================
Received Import Request.
  Time since last request: 0.000023 seconds.
  path: Assets/Resources/UI/icons/items/cabbage_3.PNG
  artifactKey: Guid(18f5d7bed5a6660499dd8f8aa95908da) Importer(815301076,1909f56bfc062723c751e8b465ee728b)
Start importing Assets/Resources/UI/icons/items/cabbage_3.PNG using Guid(18f5d7bed5a6660499dd8f8aa95908da) Importer(815301076,1909f56bfc062723c751e8b465ee728b)  -> (artifact id: 'd63274f4ec49a7c03951a0db88dbdcbb') in 0.033305 seconds 
========================================================================
Received Import Request.
  Time since last request: 0.000027 seconds.
  path: Assets/Resources/UI/buttons/button_L.PNG
  artifactKey: Guid(301e70bada621ff4cba1f706043c74af) Importer(815301076,1909f56bfc062723c751e8b465ee728b)
Start importing Assets/Resources/UI/buttons/button_L.PNG using Guid(301e70bada621ff4cba1f706043c74af) Importer(815301076,1909f56bfc062723c751e8b465ee728b)  -> (artifact id: '32dd3e935fac55c24366f53b61b5dff7') in 0.025166 seconds 
========================================================================
Received Import Request.
  Time since last request: 0.000021 seconds.
  path: Assets/Resources/UI/icons/items/bronze_3.png
  artifactKey: Guid(b5cf55397b21e5941bcef0acfad8c061) Importer(815301076,1909f56bfc062723c751e8b465ee728b)
Start importing Assets/Resources/UI/icons/items/bronze_3.png using Guid(b5cf55397b21e5941bcef0acfad8c061) Importer(815301076,1909f56bfc062723c751e8b465ee728b)  -> (artifact id: '390aa12fa7e27653dae247dbdcf28137') in 0.029451 seconds 
========================================================================
Received Import Request.
  Time since last request: 0.000028 seconds.
  path: Assets/Resources/UI/buttons/button_S_outline.PNG
  artifactKey: Guid(453daa347ac0f12429583047e8645307) Importer(815301076,1909f56bfc062723c751e8b465ee728b)
Start importing Assets/Resources/UI/buttons/button_S_outline.PNG using Guid(453daa347ac0f12429583047e8645307) Importer(815301076,1909f56bfc062723c751e8b465ee728b)  -> (artifact id: '9641e008f9e81411c27bb72032686fa9') in 0.018077 seconds 
========================================================================
Received Import Request.
  Time since last request: 0.000034 seconds.
  path: Assets/Resources/UI/buttons/background_top.png
  artifactKey: Guid(04e00c8be55af7044b075184f915b27b) Importer(815301076,1909f56bfc062723c751e8b465ee728b)
Start importing Assets/Resources/UI/buttons/background_top.png using Guid(04e00c8be55af7044b075184f915b27b) Importer(815301076,1909f56bfc062723c751e8b465ee728b)  -> (artifact id: 'b36cfafb7b25be97548f4a6ff22c955f') in 0.014681 seconds 
========================================================================
Received Import Request.
  Time since last request: 0.000019 seconds.
  path: Assets/Resources/UI/buttons/button_H_pressed.PNG
  artifactKey: Guid(1c25020a0923b704c99e5f59650e4d69) Importer(815301076,1909f56bfc062723c751e8b465ee728b)
Start importing Assets/Resources/UI/buttons/button_H_pressed.PNG using Guid(1c25020a0923b704c99e5f59650e4d69) Importer(815301076,1909f56bfc062723c751e8b465ee728b)  -> (artifact id: '4a856e2b185f6660fd6a20588fbb773d') in 0.023763 seconds 
========================================================================
Received Import Request.
  Time since last request: 0.000019 seconds.
  path: Assets/Resources/UI/icons/items/banana_3.png
  artifactKey: Guid(d076fe4e00924b0499fa87b8a6bc20aa) Importer(815301076,1909f56bfc062723c751e8b465ee728b)
Start importing Assets/Resources/UI/icons/items/banana_3.png using Guid(d076fe4e00924b0499fa87b8a6bc20aa) Importer(815301076,1909f56bfc062723c751e8b465ee728b)  -> (artifact id: '26ad662f3f9c3f2612c4da222b21498f') in 0.022673 seconds 
========================================================================
Received Import Request.
  Time since last request: 0.000021 seconds.
  path: Assets/Resources/UI/icons/items/avocado_2.png
  artifactKey: Guid(003e3bc9126cd354b9f79c59c2881ca7) Importer(815301076,1909f56bfc062723c751e8b465ee728b)
Start importing Assets/Resources/UI/icons/items/avocado_2.png using Guid(003e3bc9126cd354b9f79c59c2881ca7) Importer(815301076,1909f56bfc062723c751e8b465ee728b)  -> (artifact id: 'd954ddcb0b23214595fb636e91815a81') in 0.027805 seconds 
========================================================================
Received Import Request.
  Time since last request: 0.000021 seconds.
  path: Assets/Resources/UI/icons/items/cactus1_2.png
  artifactKey: Guid(9c50042d8ce32f24e8491af0b401cb01) Importer(815301076,1909f56bfc062723c751e8b465ee728b)
Start importing Assets/Resources/UI/icons/items/cactus1_2.png using Guid(9c50042d8ce32f24e8491af0b401cb01) Importer(815301076,1909f56bfc062723c751e8b465ee728b)  -> (artifact id: '6e32f352e5031c0ccabb572910553e43') in 0.032151 seconds 
========================================================================
Received Import Request.
  Time since last request: 0.000034 seconds.
  path: Assets/Resources/UI/buttons/button_H.PNG
  artifactKey: Guid(8a7940f1604c0ee4f92a9da901e27021) Importer(815301076,1909f56bfc062723c751e8b465ee728b)
Start importing Assets/Resources/UI/buttons/button_H.PNG using Guid(8a7940f1604c0ee4f92a9da901e27021) Importer(815301076,1909f56bfc062723c751e8b465ee728b)  -> (artifact id: 'b1df1b90b57434914d02d171520357fd') in 0.036819 seconds 
========================================================================
Received Import Request.
  Time since last request: 0.000036 seconds.
  path: Assets/Resources/UI/icons/items/bronze_0.png
  artifactKey: Guid(2cbe3a644f0e5fa4e9392a6c37dd9628) Importer(815301076,1909f56bfc062723c751e8b465ee728b)
Start importing Assets/Resources/UI/icons/items/bronze_0.png using Guid(2cbe3a644f0e5fa4e9392a6c37dd9628) Importer(815301076,1909f56bfc062723c751e8b465ee728b)  -> (artifact id: 'b50f33d6d31477d98de0f26232134299') in 0.039818 seconds 
========================================================================
Received Import Request.
  Time since last request: 0.000050 seconds.
  path: Assets/Resources/UI/buttons/button_L_pressed.PNG
  artifactKey: Guid(56383f29274be7d449bb3e1cc29c5f1f) Importer(815301076,1909f56bfc062723c751e8b465ee728b)
Start importing Assets/Resources/UI/buttons/button_L_pressed.PNG using Guid(56383f29274be7d449bb3e1cc29c5f1f) Importer(815301076,1909f56bfc062723c751e8b465ee728b)  -> (artifact id: '26aaf9366efd34d868005072975559e2') in 0.033077 seconds 
========================================================================
Received Import Request.
  Time since last request: 0.000046 seconds.
  path: Assets/Resources/UI/icons/items/cactus1_1.png
  artifactKey: Guid(aa78cfe607603cd4f90711f96c9caf1b) Importer(815301076,1909f56bfc062723c751e8b465ee728b)
Start importing Assets/Resources/UI/icons/items/cactus1_1.png using Guid(aa78cfe607603cd4f90711f96c9caf1b) Importer(815301076,1909f56bfc062723c751e8b465ee728b)  -> (artifact id: 'a7b4afa88c9874909475cd2fa284f6ae') in 0.041746 seconds 
========================================================================
Received Import Request.
  Time since last request: 2.252482 seconds.
  path: Assets/VoodooPackages/TinySauce/Analytics/GameAnalytics/3rdParty/GameAnalytics/Gizmos/gaLogo.png
  artifactKey: Guid(98df8f9c5678a4e5d964caa1244e8958) Importer(815301076,1909f56bfc062723c751e8b465ee728b)
Start importing Assets/VoodooPackages/TinySauce/Analytics/GameAnalytics/3rdParty/GameAnalytics/Gizmos/gaLogo.png using Guid(98df8f9c5678a4e5d964caa1244e8958) Importer(815301076,1909f56bfc062723c751e8b465ee728b)  -> (artifact id: '8c740f448a0390352d95b5d5d1631b8f') in 0.014953 seconds 
========================================================================
Received Import Request.
  Time since last request: 0.000022 seconds.
  path: Assets/Resources/UI/icons/common/logo.png
  artifactKey: Guid(71acf78f4e0c8bd4bbd197a8b7770f92) Importer(815301076,1909f56bfc062723c751e8b465ee728b)
Start importing Assets/Resources/UI/icons/common/logo.png using Guid(71acf78f4e0c8bd4bbd197a8b7770f92) Importer(815301076,1909f56bfc062723c751e8b465ee728b)  -> (artifact id: '5983dc25d110dd5acf5cf2b198d1e8df') in 0.082364 seconds 
========================================================================
Received Prepare
Refreshing native plugins compatible for Editor in 43.94 ms, found 3 plugins.
Preloading 0 native plugins for Editor in 0.00 ms.
Unloading 126 Unused Serialized files (Serialized files now loaded: 0)
Unloading 126 unused Assets / (3.3 MB). Loaded Objects now: 4229.
Memory consumption went from 67.9 MB to 64.6 MB.
Total: 7.601700 ms (FindLiveObjects: 0.277100 ms CreateObjectMapping: 0.182400 ms MarkObjects: 4.498100 ms  DeleteObjects: 2.642400 ms)

AssetImportParameters requested are different than current active one (requested -> active):
  custom:video-decoder-ogg-theora: a1e56fd34408186e4bbccfd4996cb3dc -> 
  custom:container-muxer-webm: aa71ff27fc2769a1b78a27578f13a17b -> 
  custom:container-demuxer-webm: 4f35f7cbe854078d1ac9338744f61a02 -> 
  custom:video-encoder-webm-vp8: eb34c28f22e8b96e1ab97ce403110664 -> 
  custom:audio-encoder-webm-vorbis: bf7c407c2cedff20999df2af8eb42d56 -> 
  custom:framework-win-MediaFoundation: 216162199b28c13a410421893ffa2e32 -> 
  custom:container-demuxer-ogg: 62fdf1f143b41e24485cea50d1cbac27 -> 
  custom:video-decoder-webm-vp8: 9c59270c3fd7afecdb556c50c9e8de78 -> 
  custom:audio-decoder-ogg-vorbis: bf7c407c2cedff20999df2af8eb42d56 -> 
